  [1m[35m (0.1ms)[0m  [1m[34mSELECT sqlite_version(*)[0m
  [1m[35m (58.2ms)[0m  [1m[35mCREATE TABLE "schema_migrations" ("version" varchar NOT NULL PRIMARY KEY)[0m
  [1m[35m (66.7ms)[0m  [1m[35mCREATE TABLE "ar_internal_metadata" ("key" varchar NOT NULL PRIMARY KEY, "value" varchar, "created_at" datetime NOT NULL, "updated_at" datetime NOT NULL)[0m
  [1m[35m (0.2ms)[0m  [1m[34mSELECT "schema_migrations"."version" FROM "schema_migrations" ORDER BY "schema_migrations"."version" ASC[0m
  [1m[35m (0.1ms)[0m  [1m[34mSELECT "schema_migrations"."version" FROM "schema_migrations" ORDER BY "schema_migrations"."version" ASC[0m
  [1m[35m (0.1ms)[0m  [1m[34mSELECT "schema_migrations"."version" FROM "schema_migrations" ORDER BY "schema_migrations"."version" ASC[0m
Migrating to CreateUsers (20180411103845)
  [1m[35m (0.1ms)[0m  [1m[36mbegin transaction[0m
  [1m[35m (0.2ms)[0m  [1m[34mSELECT sqlite_version(*)[0m
  [1m[35m (1.6ms)[0m  [1m[35mCREATE TABLE "users" ("id" INTEGER PRIMARY KEY AUTOINCREMENT NOT NULL, "name" varchar, "created_at" datetime NOT NULL, "updated_at" datetime NOT NULL)[0m
  [1m[35mSQL (0.2ms)[0m  [1m[32mINSERT INTO "schema_migrations" ("version") VALUES (?)[0m  [["version", "20180411103845"]]
  [1m[35m (64.3ms)[0m  [1m[36mcommit transaction[0m
Migrating to CreateSubscriptions (20180411103901)
  [1m[35m (0.1ms)[0m  [1m[36mbegin transaction[0m
  [1m[35m (0.3ms)[0m  [1m[35mCREATE TABLE "subscriptions" ("id" INTEGER PRIMARY KEY AUTOINCREMENT NOT NULL, "price" integer, "created_at" datetime NOT NULL, "updated_at" datetime NOT NULL)[0m
  [1m[35mSQL (0.1ms)[0m  [1m[32mINSERT INTO "schema_migrations" ("version") VALUES (?)[0m  [["version", "20180411103901"]]
  [1m[35m (64.4ms)[0m  [1m[36mcommit transaction[0m
Migrating to CreateUserSubscriptions (20180411110343)
  [1m[35m (0.1ms)[0m  [1m[36mbegin transaction[0m
  [1m[35m (0.5ms)[0m  [1m[35mCREATE TABLE "user_subscriptions" ("id" INTEGER PRIMARY KEY AUTOINCREMENT NOT NULL, "user_id" integer, "subscription_id" integer, "type_of" varchar, "created_at" datetime NOT NULL, "updated_at" datetime NOT NULL)[0m
  [1m[35mSQL (0.3ms)[0m  [1m[32mINSERT INTO "schema_migrations" ("version") VALUES (?)[0m  [["version", "20180411110343"]]
  [1m[35m (62.3ms)[0m  [1m[36mcommit transaction[0m
  [1m[36mActiveRecord::InternalMetadata Load (0.2ms)[0m  [1m[34mSELECT  "ar_internal_metadata".* FROM "ar_internal_metadata" WHERE "ar_internal_metadata"."key" = ? LIMIT ?[0m  [["key", "environment"], ["LIMIT", 1]]
  [1m[35m (0.1ms)[0m  [1m[36mbegin transaction[0m
  [1m[35mSQL (0.3ms)[0m  [1m[32mINSERT INTO "ar_internal_metadata" ("key", "value", "created_at", "updated_at") VALUES (?, ?, ?, ?)[0m  [["key", "environment"], ["value", "development"], ["created_at", "2018-04-11 11:06:25.853804"], ["updated_at", "2018-04-11 11:06:25.853804"]]
  [1m[35m (48.0ms)[0m  [1m[36mcommit transaction[0m
  [1m[35m (0.2ms)[0m  [1m[34mSELECT "schema_migrations"."version" FROM "schema_migrations" ORDER BY "schema_migrations"."version" ASC[0m
Started GET "/" for 127.0.0.1 at 2018-04-11 14:06:52 +0300
  [1m[35m (0.2ms)[0m  [1m[34mSELECT "schema_migrations"."version" FROM "schema_migrations" ORDER BY "schema_migrations"."version" ASC[0m
Processing by Rails::WelcomeController#index as HTML
  Rendering /home/elsyser/.rvm/gems/ruby-2.4.1/gems/railties-5.1.6/lib/rails/templates/rails/welcome/index.html.erb
  Rendered /home/elsyser/.rvm/gems/ruby-2.4.1/gems/railties-5.1.6/lib/rails/templates/rails/welcome/index.html.erb (3.4ms)
Completed 200 OK in 32ms (Views: 11.9ms | ActiveRecord: 0.0ms)


Started GET "/users" for 127.0.0.1 at 2018-04-11 14:07:03 +0300
Processing by UsersController#index as HTML
  Rendering users/index.html.erb within layouts/application
  [1m[36mUser Load (0.1ms)[0m  [1m[34mSELECT "users".* FROM "users"[0m
  Rendered users/index.html.erb within layouts/application (4.1ms)
Completed 200 OK in 714ms (Views: 693.0ms | ActiveRecord: 1.0ms)


Started GET "/users/new" for 127.0.0.1 at 2018-04-11 14:07:09 +0300
Processing by UsersController#new as HTML
  Rendering users/new.html.erb within layouts/application
  Rendered users/_form.html.erb (87.5ms)
  Rendered users/new.html.erb within layouts/application (89.5ms)
Completed 200 OK in 148ms (Views: 139.9ms | ActiveRecord: 0.6ms)


Started POST "/users" for 127.0.0.1 at 2018-04-11 14:07:16 +0300
Processing by UsersController#create as HTML
  Parameters: {"utf8"=>"✓", "authenticity_token"=>"hxwGl75t8/6ekOiW9bueeIpPQTCAhXfAgm5JcHL1yLW0qQeEBHYDEDHB/9uykPo+ebS6HUUNlPSCSwP8pF1xtA==", "user"=>{"name"=>"rety_e_super"}, "commit"=>"Create User"}
  [1m[35m (0.1ms)[0m  [1m[36mbegin transaction[0m
  [1m[35mSQL (0.4ms)[0m  [1m[32mINSERT INTO "users" ("name", "created_at", "updated_at") VALUES (?, ?, ?)[0m  [["name", "rety_e_super"], ["created_at", "2018-04-11 11:07:16.146492"], ["updated_at", "2018-04-11 11:07:16.146492"]]
  [1m[35m (90.2ms)[0m  [1m[36mcommit transaction[0m
Redirected to http://localhost:3000/users/1
Completed 302 Found in 96ms (ActiveRecord: 90.7ms)


Started GET "/users/1" for 127.0.0.1 at 2018-04-11 14:07:16 +0300
Processing by UsersController#show as HTML
  Parameters: {"id"=>"1"}
  [1m[36mUser Load (0.3ms)[0m  [1m[34mSELECT  "users".* FROM "users" WHERE "users"."id" = ? LIMIT ?[0m  [["id", 1], ["LIMIT", 1]]
  Rendering users/show.html.erb within layouts/application
  Rendered users/show.html.erb within layouts/application (2.9ms)
Completed 200 OK in 71ms (Views: 55.2ms | ActiveRecord: 0.3ms)


Started GET "/users/new" for 127.0.0.1 at 2018-04-11 14:07:19 +0300
Processing by UsersController#new as HTML
  Rendering users/new.html.erb within layouts/application
  Rendered users/_form.html.erb (2.2ms)
  Rendered users/new.html.erb within layouts/application (19.9ms)
Completed 200 OK in 44ms (Views: 42.5ms | ActiveRecord: 0.0ms)


Started POST "/users" for 127.0.0.1 at 2018-04-11 14:07:36 +0300
Processing by UsersController#create as HTML
  Parameters: {"utf8"=>"✓", "authenticity_token"=>"cZEUQnBqv81Q/uU98YyQxssVUmOLNemXw7yyIzCaEAZCJBVRynFPI/+v8nC2p/SAOO6pTk69CqPDmfiv5jKpBw==", "user"=>{"name"=>"mishi_i_mircheva_sa_super"}, "commit"=>"Create User"}
  [1m[35m (0.1ms)[0m  [1m[36mbegin transaction[0m
  [1m[35mSQL (2.0ms)[0m  [1m[32mINSERT INTO "users" ("name", "created_at", "updated_at") VALUES (?, ?, ?)[0m  [["name", "mishi_i_mircheva_sa_super"], ["created_at", "2018-04-11 11:07:36.528974"], ["updated_at", "2018-04-11 11:07:36.528974"]]
  [1m[35m (93.6ms)[0m  [1m[36mcommit transaction[0m
Redirected to http://localhost:3000/users/2
Completed 302 Found in 100ms (ActiveRecord: 95.7ms)


Started GET "/users/2" for 127.0.0.1 at 2018-04-11 14:07:36 +0300
Processing by UsersController#show as HTML
  Parameters: {"id"=>"2"}
  [1m[36mUser Load (0.1ms)[0m  [1m[34mSELECT  "users".* FROM "users" WHERE "users"."id" = ? LIMIT ?[0m  [["id", 2], ["LIMIT", 1]]
  Rendering users/show.html.erb within layouts/application
  Rendered users/show.html.erb within layouts/application (0.7ms)
Completed 200 OK in 25ms (Views: 23.0ms | ActiveRecord: 0.1ms)


Started GET "/users/new" for 127.0.0.1 at 2018-04-11 14:07:40 +0300
Processing by UsersController#new as HTML
  Rendering users/new.html.erb within layouts/application
  Rendered users/_form.html.erb (1.7ms)
  Rendered users/new.html.erb within layouts/application (2.7ms)
Completed 200 OK in 25ms (Views: 24.1ms | ActiveRecord: 0.0ms)


Started GET "/subscrip" for 127.0.0.1 at 2018-04-11 14:08:39 +0300
  
ActionController::RoutingError (No route matches [GET] "/subscrip"):
  
actionpack (5.1.6) lib/action_dispatch/middleware/debug_exceptions.rb:63:in `call'
web-console (3.6.0) lib/web_console/middleware.rb:137:in `call_app'
web-console (3.6.0) lib/web_console/middleware.rb:30:in `block in call'
web-console (3.6.0) lib/web_console/middleware.rb:20:in `catch'
web-console (3.6.0) lib/web_console/middleware.rb:20:in `call'
actionpack (5.1.6) lib/action_dispatch/middleware/show_exceptions.rb:31:in `call'
railties (5.1.6) lib/rails/rack/logger.rb:36:in `call_app'
railties (5.1.6) lib/rails/rack/logger.rb:24:in `block in call'
activesupport (5.1.6) lib/active_support/tagged_logging.rb:69:in `block in tagged'
activesupport (5.1.6) lib/active_support/tagged_logging.rb:26:in `tagged'
activesupport (5.1.6) lib/active_support/tagged_logging.rb:69:in `tagged'
railties (5.1.6) lib/rails/rack/logger.rb:24:in `call'
sprockets-rails (3.2.1) lib/sprockets/rails/quiet_assets.rb:13:in `call'
actionpack (5.1.6) lib/action_dispatch/middleware/remote_ip.rb:79:in `call'
actionpack (5.1.6) lib/action_dispatch/middleware/request_id.rb:25:in `call'
rack (2.0.4) lib/rack/method_override.rb:22:in `call'
rack (2.0.4) lib/rack/runtime.rb:22:in `call'
activesupport (5.1.6) lib/active_support/cache/strategy/local_cache_middleware.rb:27:in `call'
actionpack (5.1.6) lib/action_dispatch/middleware/executor.rb:12:in `call'
actionpack (5.1.6) lib/action_dispatch/middleware/static.rb:125:in `call'
rack (2.0.4) lib/rack/sendfile.rb:111:in `call'
railties (5.1.6) lib/rails/engine.rb:522:in `call'
puma (3.11.3) lib/puma/configuration.rb:225:in `call'
puma (3.11.3) lib/puma/server.rb:624:in `handle_request'
puma (3.11.3) lib/puma/server.rb:438:in `process_client'
puma (3.11.3) lib/puma/server.rb:302:in `block in run'
puma (3.11.3) lib/puma/thread_pool.rb:120:in `block in spawn_thread'
Started GET "/subscriptions/new" for 127.0.0.1 at 2018-04-11 14:08:45 +0300
Processing by SubscriptionsController#new as HTML
  Rendering subscriptions/new.html.erb within layouts/application
  Rendered subscriptions/_form.html.erb (10.3ms)
  Rendered subscriptions/new.html.erb within layouts/application (11.5ms)
Completed 200 OK in 51ms (Views: 37.3ms | ActiveRecord: 1.0ms)


Started POST "/subscriptions" for 127.0.0.1 at 2018-04-11 14:08:51 +0300
Processing by SubscriptionsController#create as HTML
  Parameters: {"utf8"=>"✓", "authenticity_token"=>"KzlsqaXxqF1VgdKy0O+5DQGCSrjAlI2n2DAz4ofpFtwYjG26H+pYs/rQxf+XxN1L8nmxlQUcbpPYFXluUUGv3Q==", "subscription"=>{"price"=>"5"}, "commit"=>"Create Subscription"}
  [1m[35m (0.1ms)[0m  [1m[36mbegin transaction[0m
  [1m[35mSQL (0.4ms)[0m  [1m[32mINSERT INTO "subscriptions" ("price", "created_at", "updated_at") VALUES (?, ?, ?)[0m  [["price", 5], ["created_at", "2018-04-11 11:08:51.125267"], ["updated_at", "2018-04-11 11:08:51.125267"]]
  [1m[35m (87.2ms)[0m  [1m[36mcommit transaction[0m
Redirected to http://localhost:3000/subscriptions/1
Completed 302 Found in 94ms (ActiveRecord: 87.7ms)


Started GET "/subscriptions/1" for 127.0.0.1 at 2018-04-11 14:08:51 +0300
Processing by SubscriptionsController#show as HTML
  Parameters: {"id"=>"1"}
  [1m[36mSubscription Load (0.3ms)[0m  [1m[34mSELECT  "subscriptions".* FROM "subscriptions" WHERE "subscriptions"."id" = ? LIMIT ?[0m  [["id", 1], ["LIMIT", 1]]
  Rendering subscriptions/show.html.erb within layouts/application
  Rendered subscriptions/show.html.erb within layouts/application (1.1ms)
Completed 200 OK in 26ms (Views: 23.0ms | ActiveRecord: 0.3ms)


Started GET "/subscriptions" for 127.0.0.1 at 2018-04-11 14:08:54 +0300
Processing by SubscriptionsController#index as HTML
  Rendering subscriptions/index.html.erb within layouts/application
  [1m[36mSubscription Load (0.2ms)[0m  [1m[34mSELECT "subscriptions".* FROM "subscriptions"[0m
  Rendered subscriptions/index.html.erb within layouts/application (1.8ms)
Completed 200 OK in 28ms (Views: 26.5ms | ActiveRecord: 0.2ms)


Started GET "/user_subscriptions" for 127.0.0.1 at 2018-04-11 14:09:03 +0300
Processing by UserSubscriptionsController#index as HTML
Completed 500 Internal Server Error in 2ms (ActiveRecord: 0.0ms)


  
SyntaxError (/home/elsyser/Desktop/newtask/abo/app/models/user_subscription.rb:14: syntax error, unexpected keyword_else
					else if user_subscription.type_of 
					    ^
/home/elsyser/Desktop/newtask/abo/app/models/user_subscription.rb:16: syntax error, unexpected keyword_end
					end
					   ^
/home/elsyser/Desktop/newtask/abo/app/models/user_subscription.rb:24: syntax error, unexpected end-of-input, expecting keyword_end):
  
app/models/user_subscription.rb:14: syntax error, unexpected keyword_else
app/models/user_subscription.rb:16: syntax error, unexpected keyword_end
app/models/user_subscription.rb:24: syntax error, unexpected end-of-input, expecting keyword_end
app/controllers/user_subscriptions_controller.rb:7:in `index'
Started GET "/user_subscription" for 127.0.0.1 at 2018-04-11 14:09:10 +0300
  
ActionController::RoutingError (No route matches [GET] "/user_subscription"):
  
actionpack (5.1.6) lib/action_dispatch/middleware/debug_exceptions.rb:63:in `call'
web-console (3.6.0) lib/web_console/middleware.rb:137:in `call_app'
web-console (3.6.0) lib/web_console/middleware.rb:30:in `block in call'
web-console (3.6.0) lib/web_console/middleware.rb:20:in `catch'
web-console (3.6.0) lib/web_console/middleware.rb:20:in `call'
actionpack (5.1.6) lib/action_dispatch/middleware/show_exceptions.rb:31:in `call'
railties (5.1.6) lib/rails/rack/logger.rb:36:in `call_app'
railties (5.1.6) lib/rails/rack/logger.rb:24:in `block in call'
activesupport (5.1.6) lib/active_support/tagged_logging.rb:69:in `block in tagged'
activesupport (5.1.6) lib/active_support/tagged_logging.rb:26:in `tagged'
activesupport (5.1.6) lib/active_support/tagged_logging.rb:69:in `tagged'
railties (5.1.6) lib/rails/rack/logger.rb:24:in `call'
sprockets-rails (3.2.1) lib/sprockets/rails/quiet_assets.rb:13:in `call'
actionpack (5.1.6) lib/action_dispatch/middleware/remote_ip.rb:79:in `call'
actionpack (5.1.6) lib/action_dispatch/middleware/request_id.rb:25:in `call'
rack (2.0.4) lib/rack/method_override.rb:22:in `call'
rack (2.0.4) lib/rack/runtime.rb:22:in `call'
activesupport (5.1.6) lib/active_support/cache/strategy/local_cache_middleware.rb:27:in `call'
actionpack (5.1.6) lib/action_dispatch/middleware/executor.rb:12:in `call'
actionpack (5.1.6) lib/action_dispatch/middleware/static.rb:125:in `call'
rack (2.0.4) lib/rack/sendfile.rb:111:in `call'
railties (5.1.6) lib/rails/engine.rb:522:in `call'
puma (3.11.3) lib/puma/configuration.rb:225:in `call'
puma (3.11.3) lib/puma/server.rb:624:in `handle_request'
puma (3.11.3) lib/puma/server.rb:438:in `process_client'
puma (3.11.3) lib/puma/server.rb:302:in `block in run'
puma (3.11.3) lib/puma/thread_pool.rb:120:in `block in spawn_thread'
Started GET "/user_subscriptiona" for 127.0.0.1 at 2018-04-11 14:09:18 +0300
  
ActionController::RoutingError (No route matches [GET] "/user_subscriptiona"):
  
actionpack (5.1.6) lib/action_dispatch/middleware/debug_exceptions.rb:63:in `call'
web-console (3.6.0) lib/web_console/middleware.rb:137:in `call_app'
web-console (3.6.0) lib/web_console/middleware.rb:30:in `block in call'
web-console (3.6.0) lib/web_console/middleware.rb:20:in `catch'
web-console (3.6.0) lib/web_console/middleware.rb:20:in `call'
actionpack (5.1.6) lib/action_dispatch/middleware/show_exceptions.rb:31:in `call'
railties (5.1.6) lib/rails/rack/logger.rb:36:in `call_app'
railties (5.1.6) lib/rails/rack/logger.rb:24:in `block in call'
activesupport (5.1.6) lib/active_support/tagged_logging.rb:69:in `block in tagged'
activesupport (5.1.6) lib/active_support/tagged_logging.rb:26:in `tagged'
activesupport (5.1.6) lib/active_support/tagged_logging.rb:69:in `tagged'
railties (5.1.6) lib/rails/rack/logger.rb:24:in `call'
sprockets-rails (3.2.1) lib/sprockets/rails/quiet_assets.rb:13:in `call'
actionpack (5.1.6) lib/action_dispatch/middleware/remote_ip.rb:79:in `call'
actionpack (5.1.6) lib/action_dispatch/middleware/request_id.rb:25:in `call'
rack (2.0.4) lib/rack/method_override.rb:22:in `call'
rack (2.0.4) lib/rack/runtime.rb:22:in `call'
activesupport (5.1.6) lib/active_support/cache/strategy/local_cache_middleware.rb:27:in `call'
actionpack (5.1.6) lib/action_dispatch/middleware/executor.rb:12:in `call'
actionpack (5.1.6) lib/action_dispatch/middleware/static.rb:125:in `call'
rack (2.0.4) lib/rack/sendfile.rb:111:in `call'
railties (5.1.6) lib/rails/engine.rb:522:in `call'
puma (3.11.3) lib/puma/configuration.rb:225:in `call'
puma (3.11.3) lib/puma/server.rb:624:in `handle_request'
puma (3.11.3) lib/puma/server.rb:438:in `process_client'
puma (3.11.3) lib/puma/server.rb:302:in `block in run'
puma (3.11.3) lib/puma/thread_pool.rb:120:in `block in spawn_thread'
Started GET "/user_subscriptions" for 127.0.0.1 at 2018-04-11 14:09:20 +0300
Processing by UserSubscriptionsController#index as HTML
Completed 500 Internal Server Error in 3ms (ActiveRecord: 0.0ms)


  
SyntaxError (/home/elsyser/Desktop/newtask/abo/app/models/user_subscription.rb:14: syntax error, unexpected keyword_else
					else if user_subscription.type_of 
					    ^
/home/elsyser/Desktop/newtask/abo/app/models/user_subscription.rb:16: syntax error, unexpected keyword_end
					end
					   ^
/home/elsyser/Desktop/newtask/abo/app/models/user_subscription.rb:24: syntax error, unexpected end-of-input, expecting keyword_end):
  
app/models/user_subscription.rb:14: syntax error, unexpected keyword_else
app/models/user_subscription.rb:16: syntax error, unexpected keyword_end
app/models/user_subscription.rb:24: syntax error, unexpected end-of-input, expecting keyword_end
app/controllers/user_subscriptions_controller.rb:7:in `index'
  [1m[35m (0.3ms)[0m  [1m[34mSELECT "schema_migrations"."version" FROM "schema_migrations" ORDER BY "schema_migrations"."version" ASC[0m
  [1m[36mActiveRecord::InternalMetadata Load (0.2ms)[0m  [1m[34mSELECT  "ar_internal_metadata".* FROM "ar_internal_metadata" WHERE "ar_internal_metadata"."key" = ? LIMIT ?[0m  [["key", "environment"], ["LIMIT", 1]]
  [1m[35m (0.1ms)[0m  [1m[36mbegin transaction[0m
  [1m[35m (0.1ms)[0m  [1m[36mcommit transaction[0m
  [1m[35m (0.1ms)[0m  [1m[34mSELECT "schema_migrations"."version" FROM "schema_migrations" ORDER BY "schema_migrations"."version" ASC[0m
Started GET "/user_subscriptions" for 127.0.0.1 at 2018-04-11 14:11:28 +0300
  [1m[35m (0.2ms)[0m  [1m[34mSELECT "schema_migrations"."version" FROM "schema_migrations" ORDER BY "schema_migrations"."version" ASC[0m
Processing by UserSubscriptionsController#index as HTML
Completed 500 Internal Server Error in 9ms (ActiveRecord: 0.0ms)


  
SyntaxError (/home/elsyser/Desktop/newtask/abo/app/models/user_subscription.rb:14: syntax error, unexpected keyword_elsif
					elsif user_subscription.type_of == 
					     ^
/home/elsyser/Desktop/newtask/abo/app/models/user_subscription.rb:16: syntax error, unexpected keyword_end
					end
					   ^
/home/elsyser/Desktop/newtask/abo/app/models/user_subscription.rb:24: syntax error, unexpected end-of-input, expecting keyword_end):
  
app/models/user_subscription.rb:14: syntax error, unexpected keyword_elsif
app/models/user_subscription.rb:16: syntax error, unexpected keyword_end
app/models/user_subscription.rb:24: syntax error, unexpected end-of-input, expecting keyword_end
app/controllers/user_subscriptions_controller.rb:7:in `index'
Started GET "/user_subscriptions" for 127.0.0.1 at 2018-04-11 14:11:33 +0300
Processing by UserSubscriptionsController#index as HTML
Completed 500 Internal Server Error in 2ms (ActiveRecord: 0.0ms)


  
SyntaxError (/home/elsyser/Desktop/newtask/abo/app/models/user_subscription.rb:14: syntax error, unexpected keyword_elsif
					elsif user_subscription.type_of == 
					     ^
/home/elsyser/Desktop/newtask/abo/app/models/user_subscription.rb:16: syntax error, unexpected keyword_end
					end
					   ^
/home/elsyser/Desktop/newtask/abo/app/models/user_subscription.rb:24: syntax error, unexpected end-of-input, expecting keyword_end):
  
app/models/user_subscription.rb:14: syntax error, unexpected keyword_elsif
app/models/user_subscription.rb:16: syntax error, unexpected keyword_end
app/models/user_subscription.rb:24: syntax error, unexpected end-of-input, expecting keyword_end
app/controllers/user_subscriptions_controller.rb:7:in `index'
Started GET "/user_subscriptions" for 127.0.0.1 at 2018-04-11 14:11:34 +0300
Processing by UserSubscriptionsController#index as HTML
Completed 500 Internal Server Error in 2ms (ActiveRecord: 0.0ms)


  
SyntaxError (/home/elsyser/Desktop/newtask/abo/app/models/user_subscription.rb:14: syntax error, unexpected keyword_elsif
					elsif user_subscription.type_of == 
					     ^
/home/elsyser/Desktop/newtask/abo/app/models/user_subscription.rb:16: syntax error, unexpected keyword_end
					end
					   ^
/home/elsyser/Desktop/newtask/abo/app/models/user_subscription.rb:24: syntax error, unexpected end-of-input, expecting keyword_end):
  
app/models/user_subscription.rb:14: syntax error, unexpected keyword_elsif
app/models/user_subscription.rb:16: syntax error, unexpected keyword_end
app/models/user_subscription.rb:24: syntax error, unexpected end-of-input, expecting keyword_end
app/controllers/user_subscriptions_controller.rb:7:in `index'
  [1m[35m (0.2ms)[0m  [1m[34mSELECT "schema_migrations"."version" FROM "schema_migrations" ORDER BY "schema_migrations"."version" ASC[0m
  [1m[36mActiveRecord::InternalMetadata Load (0.2ms)[0m  [1m[34mSELECT  "ar_internal_metadata".* FROM "ar_internal_metadata" WHERE "ar_internal_metadata"."key" = ? LIMIT ?[0m  [["key", "environment"], ["LIMIT", 1]]
  [1m[35m (0.1ms)[0m  [1m[36mbegin transaction[0m
  [1m[35m (0.0ms)[0m  [1m[36mcommit transaction[0m
  [1m[35m (0.1ms)[0m  [1m[34mSELECT "schema_migrations"."version" FROM "schema_migrations" ORDER BY "schema_migrations"."version" ASC[0m
Started GET "/user_subscriptions" for 127.0.0.1 at 2018-04-11 14:13:11 +0300
  [1m[35m (0.2ms)[0m  [1m[34mSELECT "schema_migrations"."version" FROM "schema_migrations" ORDER BY "schema_migrations"."version" ASC[0m
Processing by UserSubscriptionsController#index as HTML
Completed 500 Internal Server Error in 9ms (ActiveRecord: 0.0ms)


  
SyntaxError (/home/elsyser/Desktop/newtask/abo/app/models/user_subscription.rb:14: syntax error, unexpected keyword_end
					end
					   ^
/home/elsyser/Desktop/newtask/abo/app/models/user_subscription.rb:17: syntax error, unexpected keyword_end
					end
					   ^
/home/elsyser/Desktop/newtask/abo/app/models/user_subscription.rb:25: syntax error, unexpected end-of-input, expecting keyword_end):
  
app/models/user_subscription.rb:14: syntax error, unexpected keyword_end
app/models/user_subscription.rb:17: syntax error, unexpected keyword_end
app/models/user_subscription.rb:25: syntax error, unexpected end-of-input, expecting keyword_end
app/controllers/user_subscriptions_controller.rb:7:in `index'
  [1m[35m (0.2ms)[0m  [1m[34mSELECT "schema_migrations"."version" FROM "schema_migrations" ORDER BY "schema_migrations"."version" ASC[0m
  [1m[36mActiveRecord::InternalMetadata Load (0.2ms)[0m  [1m[34mSELECT  "ar_internal_metadata".* FROM "ar_internal_metadata" WHERE "ar_internal_metadata"."key" = ? LIMIT ?[0m  [["key", "environment"], ["LIMIT", 1]]
  [1m[35m (0.1ms)[0m  [1m[36mbegin transaction[0m
  [1m[35m (0.0ms)[0m  [1m[36mcommit transaction[0m
  [1m[35m (0.1ms)[0m  [1m[34mSELECT "schema_migrations"."version" FROM "schema_migrations" ORDER BY "schema_migrations"."version" ASC[0m
Started GET "/user_subscriptions" for 127.0.0.1 at 2018-04-11 14:15:43 +0300
  [1m[35m (0.3ms)[0m  [1m[34mSELECT "schema_migrations"."version" FROM "schema_migrations" ORDER BY "schema_migrations"."version" ASC[0m
Processing by UserSubscriptionsController#index as HTML
Completed 500 Internal Server Error in 9ms (ActiveRecord: 0.0ms)


  
SyntaxError (/home/elsyser/Desktop/newtask/abo/app/models/user_subscription.rb:14: syntax error, unexpected keyword_end
					end
					   ^
/home/elsyser/Desktop/newtask/abo/app/models/user_subscription.rb:17: syntax error, unexpected keyword_end
					end
					   ^
/home/elsyser/Desktop/newtask/abo/app/models/user_subscription.rb:25: syntax error, unexpected end-of-input, expecting keyword_end):
  
app/models/user_subscription.rb:14: syntax error, unexpected keyword_end
app/models/user_subscription.rb:17: syntax error, unexpected keyword_end
app/models/user_subscription.rb:25: syntax error, unexpected end-of-input, expecting keyword_end
app/controllers/user_subscriptions_controller.rb:7:in `index'
Started GET "/user_subscriptions" for 127.0.0.1 at 2018-04-11 14:15:45 +0300
Processing by UserSubscriptionsController#index as HTML
Completed 500 Internal Server Error in 2ms (ActiveRecord: 0.0ms)


  
SyntaxError (/home/elsyser/Desktop/newtask/abo/app/models/user_subscription.rb:14: syntax error, unexpected keyword_end
					end
					   ^
/home/elsyser/Desktop/newtask/abo/app/models/user_subscription.rb:17: syntax error, unexpected keyword_end
					end
					   ^
/home/elsyser/Desktop/newtask/abo/app/models/user_subscription.rb:25: syntax error, unexpected end-of-input, expecting keyword_end):
  
app/models/user_subscription.rb:14: syntax error, unexpected keyword_end
app/models/user_subscription.rb:17: syntax error, unexpected keyword_end
app/models/user_subscription.rb:25: syntax error, unexpected end-of-input, expecting keyword_end
app/controllers/user_subscriptions_controller.rb:7:in `index'
Started GET "/user_subscriptions" for 127.0.0.1 at 2018-04-11 14:15:46 +0300
Processing by UserSubscriptionsController#index as HTML
Completed 500 Internal Server Error in 1ms (ActiveRecord: 0.0ms)


  
SyntaxError (/home/elsyser/Desktop/newtask/abo/app/models/user_subscription.rb:14: syntax error, unexpected keyword_end
					end
					   ^
/home/elsyser/Desktop/newtask/abo/app/models/user_subscription.rb:17: syntax error, unexpected keyword_end
					end
					   ^
/home/elsyser/Desktop/newtask/abo/app/models/user_subscription.rb:25: syntax error, unexpected end-of-input, expecting keyword_end):
  
app/models/user_subscription.rb:14: syntax error, unexpected keyword_end
app/models/user_subscription.rb:17: syntax error, unexpected keyword_end
app/models/user_subscription.rb:25: syntax error, unexpected end-of-input, expecting keyword_end
app/controllers/user_subscriptions_controller.rb:7:in `index'
  [1m[35m (0.2ms)[0m  [1m[34mSELECT "schema_migrations"."version" FROM "schema_migrations" ORDER BY "schema_migrations"."version" ASC[0m
  [1m[36mActiveRecord::InternalMetadata Load (0.2ms)[0m  [1m[34mSELECT  "ar_internal_metadata".* FROM "ar_internal_metadata" WHERE "ar_internal_metadata"."key" = ? LIMIT ?[0m  [["key", "environment"], ["LIMIT", 1]]
  [1m[35m (0.1ms)[0m  [1m[36mbegin transaction[0m
  [1m[35m (0.0ms)[0m  [1m[36mcommit transaction[0m
  [1m[35m (0.1ms)[0m  [1m[34mSELECT "schema_migrations"."version" FROM "schema_migrations" ORDER BY "schema_migrations"."version" ASC[0m
Started GET "/user_subscriptions" for 127.0.0.1 at 2018-04-11 14:26:21 +0300
  [1m[35m (0.3ms)[0m  [1m[34mSELECT "schema_migrations"."version" FROM "schema_migrations" ORDER BY "schema_migrations"."version" ASC[0m
Processing by UserSubscriptionsController#index as HTML
  Rendering user_subscriptions/index.html.erb within layouts/application
  [1m[36mUserSubscription Load (0.3ms)[0m  [1m[34mSELECT "user_subscriptions".* FROM "user_subscriptions"[0m
  Rendered user_subscriptions/index.html.erb within layouts/application (11.2ms)
Completed 200 OK in 378ms (Views: 330.1ms | ActiveRecord: 0.7ms)


Started GET "/user_subscriptions/new" for 127.0.0.1 at 2018-04-11 14:26:26 +0300
Processing by UserSubscriptionsController#new as HTML
  Rendering user_subscriptions/new.html.erb within layouts/application
  Rendered user_subscriptions/_form.html.erb (15.2ms)
  Rendered user_subscriptions/new.html.erb within layouts/application (45.6ms)
Completed 200 OK in 84ms (Views: 71.8ms | ActiveRecord: 0.5ms)


Started GET "/users" for 127.0.0.1 at 2018-04-11 14:26:38 +0300
Processing by UsersController#index as HTML
  Rendering users/index.html.erb within layouts/application
  [1m[36mUser Load (0.2ms)[0m  [1m[34mSELECT "users".* FROM "users"[0m
  Rendered users/index.html.erb within layouts/application (11.4ms)
Completed 200 OK in 40ms (Views: 37.6ms | ActiveRecord: 0.9ms)


Started GET "/user_subscriptions/new" for 127.0.0.1 at 2018-04-11 14:27:00 +0300
Processing by UserSubscriptionsController#new as HTML
  Rendering user_subscriptions/new.html.erb within layouts/application
  Rendered user_subscriptions/_form.html.erb (5.5ms)
  Rendered user_subscriptions/new.html.erb within layouts/application (7.8ms)
Completed 200 OK in 55ms (Views: 53.0ms | ActiveRecord: 0.0ms)


Started POST "/user_subscriptions" for 127.0.0.1 at 2018-04-11 14:27:13 +0300
Processing by UserSubscriptionsController#create as HTML
  Parameters: {"utf8"=>"✓", "authenticity_token"=>"evmTZxQk5yl6ixvPhMNr2L1sFdio5h53nRtuhNdMhnZJTJJ0rj8Xx9XaDILD6A+eTpfu9W1u/UOdPiQIAeQ/dw==", "user_subscription"=>{"user_id"=>"1", "subscription_id"=>"1", "type_of"=>"Teacher"}, "commit"=>"Create User subscription"}
  [1m[35m (0.1ms)[0m  [1m[36mbegin transaction[0m
  [1m[36mUser Load (0.4ms)[0m  [1m[34mSELECT  "users".* FROM "users" WHERE "users"."id" = ? LIMIT ?[0m  [["id", 1], ["LIMIT", 1]]
  [1m[36mSubscription Load (0.2ms)[0m  [1m[34mSELECT  "subscriptions".* FROM "subscriptions" WHERE "subscriptions"."id" = ? LIMIT ?[0m  [["id", 1], ["LIMIT", 1]]
  [1m[36mUserSubscription Load (0.3ms)[0m  [1m[34mSELECT "user_subscriptions".* FROM "user_subscriptions" WHERE "user_subscriptions"."subscription_id" = ?[0m  [["subscription_id", 1]]
  [1m[35mSQL (1.4ms)[0m  [1m[32mINSERT INTO "user_subscriptions" ("user_id", "subscription_id", "type_of", "created_at", "updated_at") VALUES (?, ?, ?, ?, ?)[0m  [["user_id", 1], ["subscription_id", 1], ["type_of", "Teacher"], ["created_at", "2018-04-11 11:27:13.256536"], ["updated_at", "2018-04-11 11:27:13.256536"]]
  [1m[35m (39.5ms)[0m  [1m[36mcommit transaction[0m
Redirected to http://localhost:3000/user_subscriptions/1
Completed 302 Found in 153ms (ActiveRecord: 42.7ms)


Started GET "/user_subscriptions/1" for 127.0.0.1 at 2018-04-11 14:27:13 +0300
Processing by UserSubscriptionsController#show as HTML
  Parameters: {"id"=>"1"}
  [1m[36mUserSubscription Load (0.3ms)[0m  [1m[34mSELECT  "user_subscriptions".* FROM "user_subscriptions" WHERE "user_subscriptions"."id" = ? LIMIT ?[0m  [["id", 1], ["LIMIT", 1]]
  Rendering user_subscriptions/show.html.erb within layouts/application
  Rendered user_subscriptions/show.html.erb within layouts/application (1.6ms)
Completed 200 OK in 48ms (Views: 45.2ms | ActiveRecord: 0.3ms)


Started GET "/user_subscriptions/new" for 127.0.0.1 at 2018-04-11 14:27:22 +0300
Processing by UserSubscriptionsController#new as HTML
  Rendering user_subscriptions/new.html.erb within layouts/application
  Rendered user_subscriptions/_form.html.erb (3.1ms)
  Rendered user_subscriptions/new.html.erb within layouts/application (4.4ms)
Completed 200 OK in 30ms (Views: 28.8ms | ActiveRecord: 0.0ms)


Started POST "/user_subscriptions" for 127.0.0.1 at 2018-04-11 14:27:55 +0300
Processing by UserSubscriptionsController#create as HTML
  Parameters: {"utf8"=>"✓", "authenticity_token"=>"31JoPSMr/xZBLZolCeVl+YVQSWp5c5S7ghEKJxd8FQvs52kumTAP+O58jWhOzgG/dquyR7z7d4+CNECrwdSsCg==", "user_subscription"=>{"user_id"=>"2", "subscription_id"=>"1", "type_of"=>"Teacher"}, "commit"=>"Create User subscription"}
  [1m[35m (0.1ms)[0m  [1m[36mbegin transaction[0m
  [1m[36mUser Load (0.1ms)[0m  [1m[34mSELECT  "users".* FROM "users" WHERE "users"."id" = ? LIMIT ?[0m  [["id", 2], ["LIMIT", 1]]
  [1m[36mSubscription Load (0.1ms)[0m  [1m[34mSELECT  "subscriptions".* FROM "subscriptions" WHERE "subscriptions"."id" = ? LIMIT ?[0m  [["id", 1], ["LIMIT", 1]]
  [1m[36mUserSubscription Load (0.1ms)[0m  [1m[34mSELECT "user_subscriptions".* FROM "user_subscriptions" WHERE "user_subscriptions"."subscription_id" = ?[0m  [["subscription_id", 1]]
  [1m[35mSQL (0.9ms)[0m  [1m[32mINSERT INTO "user_subscriptions" ("user_id", "subscription_id", "type_of", "created_at", "updated_at") VALUES (?, ?, ?, ?, ?)[0m  [["user_id", 2], ["subscription_id", 1], ["type_of", "Teacher"], ["created_at", "2018-04-11 11:27:55.433205"], ["updated_at", "2018-04-11 11:27:55.433205"]]
  [1m[35m (89.7ms)[0m  [1m[36mcommit transaction[0m
Redirected to http://localhost:3000/user_subscriptions/2
Completed 302 Found in 98ms (ActiveRecord: 91.0ms)


Started GET "/user_subscriptions/2" for 127.0.0.1 at 2018-04-11 14:27:55 +0300
Processing by UserSubscriptionsController#show as HTML
  Parameters: {"id"=>"2"}
  [1m[36mUserSubscription Load (0.2ms)[0m  [1m[34mSELECT  "user_subscriptions".* FROM "user_subscriptions" WHERE "user_subscriptions"."id" = ? LIMIT ?[0m  [["id", 2], ["LIMIT", 1]]
  Rendering user_subscriptions/show.html.erb within layouts/application
  Rendered user_subscriptions/show.html.erb within layouts/application (1.0ms)
Completed 200 OK in 27ms (Views: 24.6ms | ActiveRecord: 0.2ms)


Started GET "/user_subscriptions/new" for 127.0.0.1 at 2018-04-11 14:27:59 +0300
Processing by UserSubscriptionsController#new as HTML
  Rendering user_subscriptions/new.html.erb within layouts/application
  Rendered user_subscriptions/_form.html.erb (3.2ms)
  Rendered user_subscriptions/new.html.erb within layouts/application (4.6ms)
Completed 200 OK in 29ms (Views: 27.8ms | ActiveRecord: 0.0ms)


Started POST "/user_subscriptions" for 127.0.0.1 at 2018-04-11 14:28:08 +0300
Processing by UserSubscriptionsController#create as HTML
  Parameters: {"utf8"=>"✓", "authenticity_token"=>"EjI1oGth8SZCXjMZ+QW6lpoLp+7QmiAveoXzLIijfH4hhzSz0XoByO0PJFS+Lt7QafBcwxUSwxt6oLmgXgvFfw==", "user_subscription"=>{"user_id"=>"2", "subscription_id"=>"1", "type_of"=>"Teacher"}, "commit"=>"Create User subscription"}
  [1m[35m (0.1ms)[0m  [1m[36mbegin transaction[0m
  [1m[36mUser Load (0.1ms)[0m  [1m[34mSELECT  "users".* FROM "users" WHERE "users"."id" = ? LIMIT ?[0m  [["id", 2], ["LIMIT", 1]]
  [1m[36mSubscription Load (0.1ms)[0m  [1m[34mSELECT  "subscriptions".* FROM "subscriptions" WHERE "subscriptions"."id" = ? LIMIT ?[0m  [["id", 1], ["LIMIT", 1]]
  [1m[36mUserSubscription Load (0.1ms)[0m  [1m[34mSELECT "user_subscriptions".* FROM "user_subscriptions" WHERE "user_subscriptions"."subscription_id" = ?[0m  [["subscription_id", 1]]
  [1m[35m (0.1ms)[0m  [1m[31mrollback transaction[0m
  Rendering user_subscriptions/new.html.erb within layouts/application
  Rendered user_subscriptions/_form.html.erb (2.8ms)
  Rendered user_subscriptions/new.html.erb within layouts/application (4.0ms)
Completed 200 OK in 33ms (Views: 28.6ms | ActiveRecord: 0.4ms)


  [1m[35m (0.2ms)[0m  [1m[34mSELECT "schema_migrations"."version" FROM "schema_migrations" ORDER BY "schema_migrations"."version" ASC[0m
  [1m[36mActiveRecord::InternalMetadata Load (0.2ms)[0m  [1m[34mSELECT  "ar_internal_metadata".* FROM "ar_internal_metadata" WHERE "ar_internal_metadata"."key" = ? LIMIT ?[0m  [["key", "environment"], ["LIMIT", 1]]
  [1m[35m (0.1ms)[0m  [1m[36mbegin transaction[0m
  [1m[35m (0.0ms)[0m  [1m[36mcommit transaction[0m
  [1m[35m (0.1ms)[0m  [1m[34mSELECT "schema_migrations"."version" FROM "schema_migrations" ORDER BY "schema_migrations"."version" ASC[0m
Started GET "/user_subscriptions" for 127.0.0.1 at 2018-04-11 14:30:03 +0300
  [1m[35m (0.2ms)[0m  [1m[34mSELECT "schema_migrations"."version" FROM "schema_migrations" ORDER BY "schema_migrations"."version" ASC[0m
Processing by UserSubscriptionsController#index as HTML
  Rendering user_subscriptions/index.html.erb within layouts/application
  [1m[36mUserSubscription Load (0.2ms)[0m  [1m[34mSELECT "user_subscriptions".* FROM "user_subscriptions"[0m
  Rendered user_subscriptions/index.html.erb within layouts/application (13.1ms)
Completed 200 OK in 299ms (Views: 272.3ms | ActiveRecord: 1.1ms)


Started GET "/user_subscriptions/new" for 127.0.0.1 at 2018-04-11 14:30:08 +0300
Processing by UserSubscriptionsController#new as HTML
  Rendering user_subscriptions/new.html.erb within layouts/application
  Rendered user_subscriptions/_form.html.erb (16.1ms)
  Rendered user_subscriptions/new.html.erb within layouts/application (17.5ms)
Completed 200 OK in 42ms (Views: 40.2ms | ActiveRecord: 0.0ms)


Started POST "/user_subscriptions" for 127.0.0.1 at 2018-04-11 14:30:13 +0300
Processing by UserSubscriptionsController#create as HTML
  Parameters: {"utf8"=>"✓", "authenticity_token"=>"WFuo96Rc/x63xEjHi7iINeV2ru0QM9BzXOOlr7atDZpr7qnkHkcP8BiVX4rMk+xzFo1VwNW7M0dcxu8jYAW0mw==", "user_subscription"=>{"user_id"=>"1", "subscription_id"=>"1", "type_of"=>"Teacher"}, "commit"=>"Create User subscription"}
  [1m[35m (0.1ms)[0m  [1m[36mbegin transaction[0m
  [1m[36mUser Load (0.2ms)[0m  [1m[34mSELECT  "users".* FROM "users" WHERE "users"."id" = ? LIMIT ?[0m  [["id", 1], ["LIMIT", 1]]
  [1m[36mSubscription Load (0.2ms)[0m  [1m[34mSELECT  "subscriptions".* FROM "subscriptions" WHERE "subscriptions"."id" = ? LIMIT ?[0m  [["id", 1], ["LIMIT", 1]]
  [1m[36mUserSubscription Load (0.2ms)[0m  [1m[34mSELECT "user_subscriptions".* FROM "user_subscriptions" WHERE "user_subscriptions"."subscription_id" = ?[0m  [["subscription_id", 1]]
  [1m[35m (0.1ms)[0m  [1m[31mrollback transaction[0m
Completed 500 Internal Server Error in 44ms (ActiveRecord: 2.0ms)


  
NoMethodError (undefined method `type' for #<UserSubscription:0x007fbe91938788>
Did you mean?  type_of):
  
app/models/user_subscription.rb:19:in `block in price_limits'
app/models/user_subscription.rb:11:in `price_limits'
app/controllers/user_subscriptions_controller.rb:32:in `block in create'
app/controllers/user_subscriptions_controller.rb:31:in `create'
Started GET "/user_subscriptions/new" for 127.0.0.1 at 2018-04-11 14:30:20 +0300
Processing by UserSubscriptionsController#new as HTML
  Rendering user_subscriptions/new.html.erb within layouts/application
  Rendered user_subscriptions/_form.html.erb (2.9ms)
  Rendered user_subscriptions/new.html.erb within layouts/application (4.0ms)
Completed 200 OK in 30ms (Views: 28.6ms | ActiveRecord: 0.0ms)


  [1m[35m (0.2ms)[0m  [1m[34mSELECT "schema_migrations"."version" FROM "schema_migrations" ORDER BY "schema_migrations"."version" ASC[0m
  [1m[36mActiveRecord::InternalMetadata Load (0.2ms)[0m  [1m[34mSELECT  "ar_internal_metadata".* FROM "ar_internal_metadata" WHERE "ar_internal_metadata"."key" = ? LIMIT ?[0m  [["key", "environment"], ["LIMIT", 1]]
  [1m[35m (0.1ms)[0m  [1m[36mbegin transaction[0m
  [1m[35m (0.0ms)[0m  [1m[36mcommit transaction[0m
  [1m[35m (0.1ms)[0m  [1m[34mSELECT "schema_migrations"."version" FROM "schema_migrations" ORDER BY "schema_migrations"."version" ASC[0m
Started POST "/user_subscriptions" for 127.0.0.1 at 2018-04-11 14:30:51 +0300
  [1m[35m (0.4ms)[0m  [1m[34mSELECT "schema_migrations"."version" FROM "schema_migrations" ORDER BY "schema_migrations"."version" ASC[0m
Processing by UserSubscriptionsController#create as HTML
  Parameters: {"utf8"=>"✓", "authenticity_token"=>"WFuo96Rc/x63xEjHi7iINeV2ru0QM9BzXOOlr7atDZpr7qnkHkcP8BiVX4rMk+xzFo1VwNW7M0dcxu8jYAW0mw==", "user_subscription"=>{"user_id"=>"1", "subscription_id"=>"1", "type_of"=>"Teacher"}, "commit"=>"Create User subscription"}
  [1m[35m (0.1ms)[0m  [1m[36mbegin transaction[0m
  [1m[36mUser Load (0.3ms)[0m  [1m[34mSELECT  "users".* FROM "users" WHERE "users"."id" = ? LIMIT ?[0m  [["id", 1], ["LIMIT", 1]]
  [1m[36mSubscription Load (0.3ms)[0m  [1m[34mSELECT  "subscriptions".* FROM "subscriptions" WHERE "subscriptions"."id" = ? LIMIT ?[0m  [["id", 1], ["LIMIT", 1]]
  [1m[36mUserSubscription Load (0.3ms)[0m  [1m[34mSELECT "user_subscriptions".* FROM "user_subscriptions" WHERE "user_subscriptions"."subscription_id" = ?[0m  [["subscription_id", 1]]
  [1m[35m (0.1ms)[0m  [1m[31mrollback transaction[0m
  Rendering user_subscriptions/new.html.erb within layouts/application
  Rendered user_subscriptions/_form.html.erb (16.3ms)
  Rendered user_subscriptions/new.html.erb within layouts/application (18.0ms)
Completed 200 OK in 282ms (Views: 208.2ms | ActiveRecord: 3.2ms)


Started POST "/user_subscriptions" for 127.0.0.1 at 2018-04-11 14:30:56 +0300
Processing by UserSubscriptionsController#create as HTML
  Parameters: {"utf8"=>"✓", "authenticity_token"=>"IIAbHyPIntQ50YVuIbsukxKffKAePLg+Pq7eKlXu68ETNRoMmdNuOpaAkiNmkErV4WSHjdu0Wwo+i5Smg0ZSwA==", "user_subscription"=>{"user_id"=>"1", "subscription_id"=>"1", "type_of"=>"Teacher"}, "commit"=>"Create User subscription"}
  [1m[35m (0.1ms)[0m  [1m[36mbegin transaction[0m
  [1m[36mUser Load (0.1ms)[0m  [1m[34mSELECT  "users".* FROM "users" WHERE "users"."id" = ? LIMIT ?[0m  [["id", 1], ["LIMIT", 1]]
  [1m[36mSubscription Load (0.1ms)[0m  [1m[34mSELECT  "subscriptions".* FROM "subscriptions" WHERE "subscriptions"."id" = ? LIMIT ?[0m  [["id", 1], ["LIMIT", 1]]
  [1m[36mUserSubscription Load (0.1ms)[0m  [1m[34mSELECT "user_subscriptions".* FROM "user_subscriptions" WHERE "user_subscriptions"."subscription_id" = ?[0m  [["subscription_id", 1]]
  [1m[35m (0.1ms)[0m  [1m[31mrollback transaction[0m
  Rendering user_subscriptions/new.html.erb within layouts/application
  Rendered user_subscriptions/_form.html.erb (3.1ms)
  Rendered user_subscriptions/new.html.erb within layouts/application (4.3ms)
Completed 200 OK in 37ms (Views: 31.7ms | ActiveRecord: 0.4ms)


Started POST "/user_subscriptions" for 127.0.0.1 at 2018-04-11 14:31:00 +0300
Processing by UserSubscriptionsController#create as HTML
  Parameters: {"utf8"=>"✓", "authenticity_token"=>"QRQclTpup3qjeC/KFhjXkHbMzt05fi/QAW9ppH4quhZyoR2GgHVXlAwpOIdRM7PWhTc18Pz2zOQBSiMoqIIDFw==", "user_subscription"=>{"user_id"=>"1", "subscription_id"=>"1", "type_of"=>""}, "commit"=>"Create User subscription"}
  [1m[35m (0.1ms)[0m  [1m[36mbegin transaction[0m
  [1m[36mUser Load (0.1ms)[0m  [1m[34mSELECT  "users".* FROM "users" WHERE "users"."id" = ? LIMIT ?[0m  [["id", 1], ["LIMIT", 1]]
  [1m[36mSubscription Load (0.1ms)[0m  [1m[34mSELECT  "subscriptions".* FROM "subscriptions" WHERE "subscriptions"."id" = ? LIMIT ?[0m  [["id", 1], ["LIMIT", 1]]
  [1m[36mUserSubscription Load (0.1ms)[0m  [1m[34mSELECT "user_subscriptions".* FROM "user_subscriptions" WHERE "user_subscriptions"."subscription_id" = ?[0m  [["subscription_id", 1]]
  [1m[35m (0.1ms)[0m  [1m[31mrollback transaction[0m
  Rendering user_subscriptions/new.html.erb within layouts/application
  Rendered user_subscriptions/_form.html.erb (5.5ms)
  Rendered user_subscriptions/new.html.erb within layouts/application (7.3ms)
Completed 200 OK in 39ms (Views: 33.9ms | ActiveRecord: 0.4ms)


Started GET "/user_subscription" for 127.0.0.1 at 2018-04-11 14:31:04 +0300
  
ActionController::RoutingError (No route matches [GET] "/user_subscription"):
  
actionpack (5.1.6) lib/action_dispatch/middleware/debug_exceptions.rb:63:in `call'
web-console (3.6.0) lib/web_console/middleware.rb:137:in `call_app'
web-console (3.6.0) lib/web_console/middleware.rb:30:in `block in call'
web-console (3.6.0) lib/web_console/middleware.rb:20:in `catch'
web-console (3.6.0) lib/web_console/middleware.rb:20:in `call'
actionpack (5.1.6) lib/action_dispatch/middleware/show_exceptions.rb:31:in `call'
railties (5.1.6) lib/rails/rack/logger.rb:36:in `call_app'
railties (5.1.6) lib/rails/rack/logger.rb:24:in `block in call'
activesupport (5.1.6) lib/active_support/tagged_logging.rb:69:in `block in tagged'
activesupport (5.1.6) lib/active_support/tagged_logging.rb:26:in `tagged'
activesupport (5.1.6) lib/active_support/tagged_logging.rb:69:in `tagged'
railties (5.1.6) lib/rails/rack/logger.rb:24:in `call'
sprockets-rails (3.2.1) lib/sprockets/rails/quiet_assets.rb:13:in `call'
actionpack (5.1.6) lib/action_dispatch/middleware/remote_ip.rb:79:in `call'
actionpack (5.1.6) lib/action_dispatch/middleware/request_id.rb:25:in `call'
rack (2.0.4) lib/rack/method_override.rb:22:in `call'
rack (2.0.4) lib/rack/runtime.rb:22:in `call'
activesupport (5.1.6) lib/active_support/cache/strategy/local_cache_middleware.rb:27:in `call'
actionpack (5.1.6) lib/action_dispatch/middleware/executor.rb:12:in `call'
actionpack (5.1.6) lib/action_dispatch/middleware/static.rb:125:in `call'
rack (2.0.4) lib/rack/sendfile.rb:111:in `call'
railties (5.1.6) lib/rails/engine.rb:522:in `call'
puma (3.11.3) lib/puma/configuration.rb:225:in `call'
puma (3.11.3) lib/puma/server.rb:624:in `handle_request'
puma (3.11.3) lib/puma/server.rb:438:in `process_client'
puma (3.11.3) lib/puma/server.rb:302:in `block in run'
puma (3.11.3) lib/puma/thread_pool.rb:120:in `block in spawn_thread'
Started GET "/user_subscriptions" for 127.0.0.1 at 2018-04-11 14:31:05 +0300
Processing by UserSubscriptionsController#index as HTML
  Rendering user_subscriptions/index.html.erb within layouts/application
  [1m[36mUserSubscription Load (0.2ms)[0m  [1m[34mSELECT "user_subscriptions".* FROM "user_subscriptions"[0m
  Rendered user_subscriptions/index.html.erb within layouts/application (3.7ms)
Completed 200 OK in 45ms (Views: 43.2ms | ActiveRecord: 0.2ms)


Started GET "/user_subscriptions/new" for 127.0.0.1 at 2018-04-11 14:31:07 +0300
Processing by UserSubscriptionsController#new as HTML
  Rendering user_subscriptions/new.html.erb within layouts/application
  Rendered user_subscriptions/_form.html.erb (15.8ms)
  Rendered user_subscriptions/new.html.erb within layouts/application (17.8ms)
Completed 200 OK in 50ms (Views: 48.3ms | ActiveRecord: 0.0ms)


Started POST "/user_subscriptions" for 127.0.0.1 at 2018-04-11 14:31:15 +0300
Processing by UserSubscriptionsController#create as HTML
  Parameters: {"utf8"=>"✓", "authenticity_token"=>"mziUq8rNO9ZARc/6zGqCiLHZHSThmX5qInXiZlBQPY2EbfHOvz/RiXQyrsHKDHAtv+lhCxLWXO87BZzZEgLdJQ==", "user_subscription"=>{"user_id"=>"1", "subscription_id"=>"1", "type_of"=>"Teacher"}, "commit"=>"Create User subscription"}
  [1m[35m (0.1ms)[0m  [1m[36mbegin transaction[0m
  [1m[36mUser Load (0.1ms)[0m  [1m[34mSELECT  "users".* FROM "users" WHERE "users"."id" = ? LIMIT ?[0m  [["id", 1], ["LIMIT", 1]]
  [1m[36mSubscription Load (0.1ms)[0m  [1m[34mSELECT  "subscriptions".* FROM "subscriptions" WHERE "subscriptions"."id" = ? LIMIT ?[0m  [["id", 1], ["LIMIT", 1]]
  [1m[36mUserSubscription Load (0.1ms)[0m  [1m[34mSELECT "user_subscriptions".* FROM "user_subscriptions" WHERE "user_subscriptions"."subscription_id" = ?[0m  [["subscription_id", 1]]
  [1m[35m (0.1ms)[0m  [1m[31mrollback transaction[0m
  Rendering user_subscriptions/new.html.erb within layouts/application
  Rendered user_subscriptions/_form.html.erb (2.8ms)
  Rendered user_subscriptions/new.html.erb within layouts/application (3.9ms)
Completed 200 OK in 35ms (Views: 30.4ms | ActiveRecord: 0.4ms)


Started GET "/user_subscriptions" for 127.0.0.1 at 2018-04-11 14:31:50 +0300
Processing by UserSubscriptionsController#index as HTML
  Rendering user_subscriptions/index.html.erb within layouts/application
  [1m[36mUserSubscription Load (0.2ms)[0m  [1m[34mSELECT "user_subscriptions".* FROM "user_subscriptions"[0m
  Rendered user_subscriptions/index.html.erb within layouts/application (13.4ms)
Completed 200 OK in 55ms (Views: 39.8ms | ActiveRecord: 1.4ms)


Started GET "/user_subscriptions/new" for 127.0.0.1 at 2018-04-11 14:31:53 +0300
Processing by UserSubscriptionsController#new as HTML
  Rendering user_subscriptions/new.html.erb within layouts/application
  Rendered user_subscriptions/_form.html.erb (3.1ms)
  Rendered user_subscriptions/new.html.erb within layouts/application (4.5ms)
Completed 200 OK in 37ms (Views: 35.7ms | ActiveRecord: 0.0ms)


Started POST "/user_subscriptions" for 127.0.0.1 at 2018-04-11 14:31:59 +0300
Processing by UserSubscriptionsController#create as HTML
  Parameters: {"utf8"=>"✓", "authenticity_token"=>"rsiCQ1hI4VuRdHxV/h1sjlAyxqL+tYZnYRNaAl8XYf2xnecmLboLBKUDHW74e54rXgK6jQ36pOJ4YyS9HUWBVQ==", "user_subscription"=>{"user_id"=>"1", "subscription_id"=>"1", "type_of"=>"Teacher"}, "commit"=>"Create User subscription"}
  [1m[35m (0.1ms)[0m  [1m[36mbegin transaction[0m
  [1m[36mUser Load (0.2ms)[0m  [1m[34mSELECT  "users".* FROM "users" WHERE "users"."id" = ? LIMIT ?[0m  [["id", 1], ["LIMIT", 1]]
  [1m[36mSubscription Load (0.2ms)[0m  [1m[34mSELECT  "subscriptions".* FROM "subscriptions" WHERE "subscriptions"."id" = ? LIMIT ?[0m  [["id", 1], ["LIMIT", 1]]
  [1m[36mUserSubscription Load (0.2ms)[0m  [1m[34mSELECT "user_subscriptions".* FROM "user_subscriptions" WHERE "user_subscriptions"."subscription_id" = ?[0m  [["subscription_id", 1]]
  [1m[35m (0.1ms)[0m  [1m[31mrollback transaction[0m
  Rendering user_subscriptions/new.html.erb within layouts/application
  Rendered user_subscriptions/_form.html.erb (3.5ms)
  Rendered user_subscriptions/new.html.erb within layouts/application (4.8ms)
Completed 200 OK in 53ms (Views: 27.3ms | ActiveRecord: 2.2ms)


